2018-09-03 14:09:06.008  INFO 17018 --- [main] c.ctgu.springboot.SpringbootApplication  : Starting SpringbootApplication on alex-Default-string with PID 17018 (/home/alex/IdeaProjects/springboot/target/classes started by alex in /home/alex/IdeaProjects/springboot)
2018-09-03 14:09:06.010  INFO 17018 --- [main] c.ctgu.springboot.SpringbootApplication  : The following profiles are active: dev
2018-09-03 14:09:06.046  INFO 17018 --- [main] ConfigServletWebServerApplicationContext : Refreshing org.springframework.boot.web.servlet.context.AnnotationConfigServletWebServerApplicationContext@52066604: startup date [Mon Sep 03 14:09:06 CST 2018]; root of context hierarchy
2018-09-03 14:09:07.366  INFO 17018 --- [main] o.s.b.w.embedded.tomcat.TomcatWebServer  : Tomcat initialized with port(s): 8081 (http)
2018-09-03 14:09:07.417  INFO 17018 --- [main] o.apache.catalina.core.StandardService   : Starting service [Tomcat]
2018-09-03 14:09:07.418  INFO 17018 --- [main] org.apache.catalina.core.StandardEngine  : Starting Servlet Engine: Apache Tomcat/8.5.31
2018-09-03 14:09:07.426  INFO 17018 --- [localhost-startStop-1] o.a.catalina.core.AprLifecycleListener   : The APR based Apache Tomcat Native library which allows optimal performance in production environments was not found on the java.library.path: [/usr/java/packages/lib:/usr/lib64:/lib64:/lib:/usr/lib]
2018-09-03 14:09:07.604  INFO 17018 --- [localhost-startStop-1] o.a.c.c.C.[Tomcat].[localhost].[/]       : Initializing Spring embedded WebApplicationContext
2018-09-03 14:09:07.604  INFO 17018 --- [localhost-startStop-1] o.s.web.context.ContextLoader            : Root WebApplicationContext: initialization completed in 1559 ms
2018-09-03 14:09:07.681  INFO 17018 --- [localhost-startStop-1] o.s.b.w.servlet.ServletRegistrationBean  : Servlet dispatcherServlet mapped to [/]
2018-09-03 14:09:07.684  INFO 17018 --- [localhost-startStop-1] o.s.b.w.servlet.FilterRegistrationBean   : Mapping filter: 'characterEncodingFilter' to: [/*]
2018-09-03 14:09:07.684  INFO 17018 --- [localhost-startStop-1] o.s.b.w.servlet.FilterRegistrationBean   : Mapping filter: 'hiddenHttpMethodFilter' to: [/*]
2018-09-03 14:09:07.684  INFO 17018 --- [localhost-startStop-1] o.s.b.w.servlet.FilterRegistrationBean   : Mapping filter: 'httpPutFormContentFilter' to: [/*]
2018-09-03 14:09:07.684  INFO 17018 --- [localhost-startStop-1] o.s.b.w.servlet.FilterRegistrationBean   : Mapping filter: 'requestContextFilter' to: [/*]
2018-09-03 14:09:07.900  INFO 17018 --- [main] o.s.w.s.handler.SimpleUrlHandlerMapping  : Mapped URL path [/**/favicon.ico] onto handler of type [class org.springframework.web.servlet.resource.ResourceHttpRequestHandler]
2018-09-03 14:09:08.044  INFO 17018 --- [main] s.w.s.m.m.a.RequestMappingHandlerAdapter : Looking for @ControllerAdvice: org.springframework.boot.web.servlet.context.AnnotationConfigServletWebServerApplicationContext@52066604: startup date [Mon Sep 03 14:09:06 CST 2018]; root of context hierarchy
2018-09-03 14:09:08.078  INFO 17018 --- [main] s.w.s.m.m.a.RequestMappingHandlerMapping : Mapped "{[/getUserInfo],methods=[GET]}" onto public com.ctgu.springboot.pojo.User com.ctgu.springboot.controller.UserController.getUser(java.lang.String)
2018-09-03 14:09:08.080  INFO 17018 --- [main] s.w.s.m.m.a.RequestMappingHandlerMapping : Mapped "{[/error],produces=[text/html]}" onto public org.springframework.web.servlet.ModelAndView org.springframework.boot.autoconfigure.web.servlet.error.BasicErrorController.errorHtml(javax.servlet.http.HttpServletRequest,javax.servlet.http.HttpServletResponse)
2018-09-03 14:09:08.081  INFO 17018 --- [main] s.w.s.m.m.a.RequestMappingHandlerMapping : Mapped "{[/error]}" onto public org.springframework.http.ResponseEntity<java.util.Map<java.lang.String, java.lang.Object>> org.springframework.boot.autoconfigure.web.servlet.error.BasicErrorController.error(javax.servlet.http.HttpServletRequest)
2018-09-03 14:09:08.095  INFO 17018 --- [main] o.s.w.s.handler.SimpleUrlHandlerMapping  : Mapped URL path [/webjars/**] onto handler of type [class org.springframework.web.servlet.resource.ResourceHttpRequestHandler]
2018-09-03 14:09:08.095  INFO 17018 --- [main] o.s.w.s.handler.SimpleUrlHandlerMapping  : Mapped URL path [/**] onto handler of type [class org.springframework.web.servlet.resource.ResourceHttpRequestHandler]
2018-09-03 14:09:08.259  INFO 17018 --- [main] o.s.j.e.a.AnnotationMBeanExporter        : Registering beans for JMX exposure on startup
2018-09-03 14:09:08.260  INFO 17018 --- [main] o.s.j.e.a.AnnotationMBeanExporter        : Bean with name 'dataSource' has been autodetected for JMX exposure
2018-09-03 14:09:08.263  INFO 17018 --- [main] o.s.j.e.a.AnnotationMBeanExporter        : Located MBean 'dataSource': registering with JMX server as MBean [com.zaxxer.hikari:name=dataSource,type=HikariDataSource]
2018-09-03 14:09:08.356  INFO 17018 --- [main] o.s.b.w.embedded.tomcat.TomcatWebServer  : Tomcat started on port(s): 8081 (http) with context path ''
2018-09-03 14:09:08.360  INFO 17018 --- [main] c.ctgu.springboot.SpringbootApplication  : Started SpringbootApplication in 2.93 seconds (JVM running for 4.422)
2018-09-03 14:09:27.574  INFO 17018 --- [http-nio-8081-exec-1] o.a.c.c.C.[Tomcat].[localhost].[/]       : Initializing Spring FrameworkServlet 'dispatcherServlet'
2018-09-03 14:09:27.574  INFO 17018 --- [http-nio-8081-exec-1] o.s.web.servlet.DispatcherServlet        : FrameworkServlet 'dispatcherServlet': initialization started
2018-09-03 14:09:27.581  INFO 17018 --- [http-nio-8081-exec-1] o.s.web.servlet.DispatcherServlet        : FrameworkServlet 'dispatcherServlet': initialization completed in 7 ms
2018-09-03 14:10:55.058  INFO 17018 --- [http-nio-8081-exec-8] com.zaxxer.hikari.HikariDataSource       : HikariPool-1 - Starting...
2018-09-03 14:10:55.343  INFO 17018 --- [http-nio-8081-exec-8] com.zaxxer.hikari.HikariDataSource       : HikariPool-1 - Start completed.
2018-09-03 14:11:29.172  INFO 17018 --- [Thread-2] ConfigServletWebServerApplicationContext : Closing org.springframework.boot.web.servlet.context.AnnotationConfigServletWebServerApplicationContext@52066604: startup date [Mon Sep 03 14:09:06 CST 2018]; root of context hierarchy
2018-09-03 14:11:29.182  INFO 17018 --- [Thread-2] o.s.j.e.a.AnnotationMBeanExporter        : Unregistering JMX-exposed beans on shutdown
2018-09-03 14:11:29.182  INFO 17018 --- [Thread-2] o.s.j.e.a.AnnotationMBeanExporter        : Unregistering JMX-exposed beans
2018-09-03 14:11:29.183  INFO 17018 --- [Thread-2] com.zaxxer.hikari.HikariDataSource       : HikariPool-1 - Shutdown initiated...
2018-09-03 14:11:29.194  INFO 17018 --- [Thread-2] com.zaxxer.hikari.HikariDataSource       : HikariPool-1 - Shutdown completed.
